<?xml version="1.0" encoding="UTF-8"?>
<!-- Generated by org.testng.reporters.JUnitReportReporter -->
<testsuite hostname="Jitesh" failures="0" tests="1" name="mycompany.AppiumLearning2024.AndroidBasics" time="2.402" errors="0" timestamp="2024-05-11T14:12:46 IST" skipped="0">
  <testcase classname="mycompany.AppiumLearning2024.AndroidBasics" name="launchAndroid" time="2.402"/>
</testsuite> <!-- mycompany.AppiumLearning2024.AndroidBasics -->
