<?xml version="1.0" encoding="UTF-8"?>
<!-- Generated by org.testng.reporters.JUnitReportReporter -->
<testsuite hostname="Jitesh" failures="0" tests="1" name="mycompany.AppiumLearning2024.ScrollDownToBottom" time="32.024" errors="0" timestamp="2024-05-11T16:47:23 IST" skipped="0">
  <testcase classname="mycompany.AppiumLearning2024.ScrollDownToBottom" name="ScrollToWebElement1" time="32.024"/>
</testsuite> <!-- mycompany.AppiumLearning2024.ScrollDownToBottom -->
