<?xml version="1.0" encoding="UTF-8"?>
<!-- Generated by org.testng.reporters.JUnitReportReporter -->
<testsuite hostname="Jitesh" failures="0" tests="1" name="mycompany.AppiumLearning2024.ScrollToWebElement" time="7.759" errors="0" timestamp="2024-05-11T16:08:20 IST" skipped="0">
  <testcase classname="mycompany.AppiumLearning2024.ScrollToWebElement" name="ScrollToWebElement1" time="7.759"/>
</testsuite> <!-- mycompany.AppiumLearning2024.ScrollToWebElement -->
