<?xml version="1.0" encoding="UTF-8"?>
<!-- Generated by org.testng.reporters.JUnitReportReporter -->
<testsuite hostname="Jitesh" failures="0" tests="1" name="mycompany.AppiumLearning2024.GeneralStoreTest" time="30.562" errors="0" timestamp="2024-05-13T16:43:23 IST" skipped="0">
  <testcase classname="mycompany.AppiumLearning2024.GeneralStoreTest" name="GeneralStoreTest1" time="30.562"/>
</testsuite> <!-- mycompany.AppiumLearning2024.GeneralStoreTest -->
