<?xml version="1.0" encoding="UTF-8"?>
<!-- Generated by org.testng.reporters.JUnitReportReporter -->
<testsuite hostname="Jitesh" failures="0" tests="1" name="mycompany.AppiumLearning2024.DirectlyJumpToAnActivity" time="0.236" errors="0" timestamp="2024-05-11T18:37:16 IST" skipped="0">
  <testcase classname="mycompany.AppiumLearning2024.DirectlyJumpToAnActivity" name="ScrollToWebElement1" time="0.236"/>
</testsuite> <!-- mycompany.AppiumLearning2024.DirectlyJumpToAnActivity -->
