<?xml version="1.0" encoding="UTF-8"?>
<!-- Generated by org.testng.reporters.JUnitReportReporter -->
<testsuite hostname="Jitesh" failures="0" tests="1" name="mycompany.AppiumLearning2024.ScrollDown" time="20.340" errors="0" timestamp="2024-05-11T16:35:04 IST" skipped="0">
  <testcase classname="mycompany.AppiumLearning2024.ScrollDown" name="ScrollToWebElement1" time="20.340"/>
</testsuite> <!-- mycompany.AppiumLearning2024.ScrollDown -->
