<?xml version="1.0" encoding="UTF-8"?>
<!-- Generated by org.testng.reporters.JUnitReportReporter -->
<testsuite hostname="Jitesh" failures="0" tests="1" name="mycompany.AppiumLearning2024.GeneralStoreTest_HybridApp" time="30.238" errors="0" timestamp="2024-05-13T17:38:37 IST" skipped="0">
  <testcase classname="mycompany.AppiumLearning2024.GeneralStoreTest_HybridApp" name="GeneralStoreTest1" time="30.238"/>
</testsuite> <!-- mycompany.AppiumLearning2024.GeneralStoreTest_HybridApp -->
