<?xml version="1.0" encoding="UTF-8"?>
<!-- Generated by org.testng.reporters.JUnitReportReporter -->
<testsuite hostname="Jitesh" failures="0" tests="1" name="mycompany.AppiumLearning2024.DragAndDropGesture" time="4.551" errors="0" timestamp="2024-05-11T18:02:09 IST" skipped="0">
  <testcase classname="mycompany.AppiumLearning2024.DragAndDropGesture" name="DragAndDropGesture1" time="4.551"/>
</testsuite> <!-- mycompany.AppiumLearning2024.DragAndDropGesture -->
