<?xml version="1.0" encoding="UTF-8"?>
<!-- Generated by org.testng.reporters.JUnitReportReporter -->
<testsuite hostname="Jitesh" failures="0" tests="1" name="mycompany.AppiumLearning2024.BrowserOnly" time="60.423" errors="0" timestamp="2024-05-13T23:48:34 IST" skipped="0">
  <testcase classname="mycompany.AppiumLearning2024.BrowserOnly" name="method1" time="60.423"/>
</testsuite> <!-- mycompany.AppiumLearning2024.BrowserOnly -->
