<?xml version="1.0" encoding="UTF-8"?>
<!-- Generated by org.testng.reporters.JUnitReportReporter -->
<testsuite hostname="Jitesh" failures="0" tests="1" name="mycompany.AppiumLearning2024.LongPressGesture" time="8.271" errors="0" timestamp="2024-05-11T16:02:36 IST" skipped="0">
  <testcase classname="mycompany.AppiumLearning2024.LongPressGesture" name="LongPressGesture1" time="8.271"/>
</testsuite> <!-- mycompany.AppiumLearning2024.LongPressGesture -->
