<?xml version="1.0" encoding="UTF-8"?>
<!-- Generated by org.testng.reporters.JUnitReportReporter -->
<testsuite hostname="Jitesh" failures="0" tests="1" name="mycompany.AppiumLearning2024.RotatePhoneAndKeyEvents" time="22.984" errors="0" timestamp="2024-05-11T18:11:12 IST" skipped="0">
  <testcase classname="mycompany.AppiumLearning2024.RotatePhoneAndKeyEvents" name="RotatePhoneAndKeyEvents1" time="22.984"/>
</testsuite> <!-- mycompany.AppiumLearning2024.RotatePhoneAndKeyEvents -->
